c:\users\aminf\documents\project1\helpercomp\debug\helpercomp.pch
c:\users\aminf\documents\project1\helpercomp\debug\vc141.pdb
c:\users\aminf\documents\project1\helpercomp\debug\vc141.idb
c:\users\aminf\documents\project1\helpercomp\debug\stdafx.obj
c:\users\aminf\documents\project1\helpercomp\debug\xdlldata.obj
c:\users\aminf\documents\project1\helpercomp\debug\dllmain.obj
c:\users\aminf\documents\project1\helpercomp\debug\helpercomp.obj
c:\users\aminf\documents\project1\helpercomp\debug\helper.obj
c:\users\aminf\documents\project1\helpercomp\debug\helpercomp_i.obj
c:\users\aminf\documents\project1\debug\helpercomp.lib
c:\users\aminf\documents\project1\debug\helpercomp.exp
c:\users\aminf\documents\project1\debug\helpercomp.dll
c:\users\aminf\documents\project1\debug\helpercomp.ilk
c:\users\aminf\documents\project1\debug\helpercomp.pdb
c:\users\aminf\documents\project1\helpercomp\debug\helpercomp.tlb
c:\users\aminf\documents\project1\helpercomp\helpercomp_p.c
c:\users\aminf\documents\project1\helpercomp\helpercomp_i.c
c:\users\aminf\documents\project1\helpercomp\helpercomp_i.h
c:\users\aminf\documents\project1\helpercomp\debug\helpercomp.res
c:\users\aminf\documents\project1\helpercomp\debug\helpercomp.tlog\cl.command.1.tlog
c:\users\aminf\documents\project1\helpercomp\debug\helpercomp.tlog\cl.read.1.tlog
c:\users\aminf\documents\project1\helpercomp\debug\helpercomp.tlog\cl.write.1.tlog
c:\users\aminf\documents\project1\helpercomp\debug\helpercomp.tlog\helpercomp.write.1u.tlog
c:\users\aminf\documents\project1\helpercomp\debug\helpercomp.tlog\link.command.1.tlog
c:\users\aminf\documents\project1\helpercomp\debug\helpercomp.tlog\link.read.1.tlog
c:\users\aminf\documents\project1\helpercomp\debug\helpercomp.tlog\link.write.1.tlog
c:\users\aminf\documents\project1\helpercomp\debug\helpercomp.tlog\midl.command.1.tlog
c:\users\aminf\documents\project1\helpercomp\debug\helpercomp.tlog\midl.read.1.tlog
c:\users\aminf\documents\project1\helpercomp\debug\helpercomp.tlog\midl.write.1.tlog
c:\users\aminf\documents\project1\helpercomp\debug\helpercomp.tlog\rc.command.1.tlog
c:\users\aminf\documents\project1\helpercomp\debug\helpercomp.tlog\rc.read.1.tlog
c:\users\aminf\documents\project1\helpercomp\debug\helpercomp.tlog\rc.write.1.tlog
