c:\users\aminf\documents\project1\usingcomp\debug\usingcomp.pch
c:\users\aminf\documents\project1\usingcomp\debug\vc141.pdb
c:\users\aminf\documents\project1\usingcomp\debug\vc141.idb
c:\users\aminf\documents\project1\usingcomp\debug\stdafx.obj
c:\users\aminf\documents\project1\usingcomp\debug\dllmain.obj
c:\users\aminf\documents\project1\usingcomp\debug\usingcomp.obj
c:\users\aminf\documents\project1\usingcomp\debug\using.obj
c:\users\aminf\documents\project1\usingcomp\debug\usingcomp_i.obj
c:\users\aminf\documents\project1\usingcomp\debug\xdlldata.obj
c:\users\aminf\documents\project1\usingcomp\debug\helpercomp_i.obj
c:\users\aminf\documents\project1\debug\usingcomp.dll
c:\users\aminf\documents\project1\debug\usingcomp.ilk
c:\users\aminf\documents\project1\debug\usingcomp.pdb
c:\users\aminf\documents\project1\usingcomp\debug\usingcomp.tlb
c:\users\aminf\documents\project1\usingcomp\usingcomp_p.c
c:\users\aminf\documents\project1\usingcomp\usingcomp_i.c
c:\users\aminf\documents\project1\usingcomp\usingcomp_i.h
c:\users\aminf\documents\project1\usingcomp\debug\usingcomp.res
c:\users\aminf\documents\project1\debug\usingcomp.lib
c:\users\aminf\documents\project1\debug\usingcomp.exp
c:\users\aminf\documents\project1\usingcomp\debug\usingcomp.tlog\cl.command.1.tlog
c:\users\aminf\documents\project1\usingcomp\debug\usingcomp.tlog\cl.read.1.tlog
c:\users\aminf\documents\project1\usingcomp\debug\usingcomp.tlog\cl.write.1.tlog
c:\users\aminf\documents\project1\usingcomp\debug\usingcomp.tlog\link.command.1.tlog
c:\users\aminf\documents\project1\usingcomp\debug\usingcomp.tlog\link.read.1.tlog
c:\users\aminf\documents\project1\usingcomp\debug\usingcomp.tlog\link.write.1.tlog
c:\users\aminf\documents\project1\usingcomp\debug\usingcomp.tlog\midl.command.1.tlog
c:\users\aminf\documents\project1\usingcomp\debug\usingcomp.tlog\midl.read.1.tlog
c:\users\aminf\documents\project1\usingcomp\debug\usingcomp.tlog\midl.write.1.tlog
c:\users\aminf\documents\project1\usingcomp\debug\usingcomp.tlog\rc.command.1.tlog
c:\users\aminf\documents\project1\usingcomp\debug\usingcomp.tlog\rc.read.1.tlog
c:\users\aminf\documents\project1\usingcomp\debug\usingcomp.tlog\rc.write.1.tlog
c:\users\aminf\documents\project1\usingcomp\debug\usingcomp.tlog\usingcomp.write.1u.tlog
